<?xml version="1.0" encoding="UTF-8"?>
<!-- Generated by org.testng.reporters.JUnitXMLReporter -->
<testsuite ignored="0" hostname="EPINHYDW0C0A" failures="1" tests="2" name="Testing" time="24.653" errors="0" timestamp="2024-12-13T21:12:52 IST">
  <testcase classname="paralelltesting.ParalellTests" name="homepageTitle" time="24.519">
    <failure type="java.lang.AssertionError" message="expected [Cricbuzz.com] but found [Live Cricket Score, Schedule, Latest News, Stats &amp;amp; Videos | Cricbuzz.com]">
      <![CDATA[java.lang.AssertionError: expected [Cricbuzz.com] but found [Live Cricket Score, Schedule, Latest News, Stats & Videos | Cricbuzz.com]
at paralelltesting.ParalellTests.homepageTitle(ParalellTests.java:32)
at java.base/java.util.concurrent.ThreadPoolExecutor.runWorker(ThreadPoolExecutor.java:1136)
at java.base/java.util.concurrent.ThreadPoolExecutor$Worker.run(ThreadPoolExecutor.java:635)
at java.base/java.lang.Thread.run(Thread.java:833)
... Removed 18 stack frames]]>
    </failure>
  </testcase> <!-- homepageTitle -->
  <testcase classname="paralelltesting.ParalellTests" name="logoTest" time="24.547"/>
</testsuite> <!-- Testing -->
