<?xml version="1.0" encoding="UTF-8"?>
<testng-results ignored="0" total="2" passed="2" failed="0" skipped="0">
  <reporter-output>
  </reporter-output>
  <suite started-at="2025-02-28T07:06:04 IST" name="Default suite" finished-at="2025-02-28T07:06:04 IST" duration-ms="90">
    <groups>
    </groups>
    <test started-at="2025-02-28T07:06:04 IST" name="Default test" finished-at="2025-02-28T07:06:04 IST" duration-ms="90">
      <class name="com.epam.testng.TestngAnnotationsDemo2">
        <test-method is-config="true" signature="beforeTest()[pri:0, instance:com.epam.testng.TestngAnnotationsDemo2@4f18837a]" started-at="2025-02-28T07:06:04 IST" name="beforeTest" finished-at="2025-02-28T07:06:04 IST" duration-ms="14" status="PASS">
          <reporter-output>
          </reporter-output>
        </test-method> <!-- beforeTest -->
        <test-method is-config="true" signature="beforeClass()[pri:0, instance:com.epam.testng.TestngAnnotationsDemo2@4f18837a]" started-at="2025-02-28T07:06:04 IST" name="beforeClass" finished-at="2025-02-28T07:06:04 IST" duration-ms="0" status="PASS">
          <reporter-output>
          </reporter-output>
        </test-method> <!-- beforeClass -->
        <test-method is-config="true" signature="beforeMethod()[pri:0, instance:com.epam.testng.TestngAnnotationsDemo2@4f18837a]" started-at="2025-02-28T07:06:04 IST" name="beforeMethod" finished-at="2025-02-28T07:06:04 IST" duration-ms="0" status="PASS">
          <reporter-output>
          </reporter-output>
        </test-method> <!-- beforeMethod -->
        <test-method signature="test3()[pri:0, instance:com.epam.testng.TestngAnnotationsDemo2@4f18837a]" started-at="2025-02-28T07:06:04 IST" name="test3" finished-at="2025-02-28T07:06:04 IST" duration-ms="14" status="PASS">
          <reporter-output>
          </reporter-output>
        </test-method> <!-- test3 -->
        <test-method is-config="true" signature="AfterMethod()[pri:0, instance:com.epam.testng.TestngAnnotationsDemo2@4f18837a]" started-at="2025-02-28T07:06:04 IST" name="AfterMethod" finished-at="2025-02-28T07:06:04 IST" duration-ms="0" status="PASS">
          <reporter-output>
          </reporter-output>
        </test-method> <!-- AfterMethod -->
        <test-method is-config="true" signature="beforeMethod()[pri:0, instance:com.epam.testng.TestngAnnotationsDemo2@4f18837a]" started-at="2025-02-28T07:06:04 IST" name="beforeMethod" finished-at="2025-02-28T07:06:04 IST" duration-ms="0" status="PASS">
          <reporter-output>
          </reporter-output>
        </test-method> <!-- beforeMethod -->
        <test-method signature="test4()[pri:0, instance:com.epam.testng.TestngAnnotationsDemo2@4f18837a]" started-at="2025-02-28T07:06:04 IST" name="test4" finished-at="2025-02-28T07:06:04 IST" duration-ms="1" status="PASS">
          <reporter-output>
          </reporter-output>
        </test-method> <!-- test4 -->
        <test-method is-config="true" signature="AfterMethod()[pri:0, instance:com.epam.testng.TestngAnnotationsDemo2@4f18837a]" started-at="2025-02-28T07:06:04 IST" name="AfterMethod" finished-at="2025-02-28T07:06:04 IST" duration-ms="0" status="PASS">
          <reporter-output>
          </reporter-output>
        </test-method> <!-- AfterMethod -->
        <test-method is-config="true" signature="afterClass()[pri:0, instance:com.epam.testng.TestngAnnotationsDemo2@4f18837a]" started-at="2025-02-28T07:06:04 IST" name="afterClass" finished-at="2025-02-28T07:06:04 IST" duration-ms="1" status="PASS">
          <reporter-output>
          </reporter-output>
        </test-method> <!-- afterClass -->
        <test-method is-config="true" signature="afterTest()[pri:0, instance:com.epam.testng.TestngAnnotationsDemo2@4f18837a]" started-at="2025-02-28T07:06:04 IST" name="afterTest" finished-at="2025-02-28T07:06:04 IST" duration-ms="0" status="PASS">
          <reporter-output>
          </reporter-output>
        </test-method> <!-- afterTest -->
      </class> <!-- com.epam.testng.TestngAnnotationsDemo2 -->
    </test> <!-- Default test -->
  </suite> <!-- Default suite -->
</testng-results>
