<?xml version="1.0" encoding="UTF-8"?>
<testng-results ignored="0" total="4" passed="4" failed="0" skipped="0">
  <reporter-output>
  </reporter-output>
  <suite started-at="2024-11-06T19:55:25 IST" name="Default suite" finished-at="2024-11-06T19:55:26 IST" duration-ms="76">
    <groups>
    </groups>
    <test started-at="2024-11-06T19:55:25 IST" name="Default test" finished-at="2024-11-06T19:55:26 IST" duration-ms="76">
      <class name="com.epam.testng.FirstTestCase">
        <test-method signature="addCustomer()[pri:0, instance:com.epam.testng.FirstTestCase@48ae9b55]" started-at="2024-11-06T19:55:25 IST" name="addCustomer" finished-at="2024-11-06T19:55:25 IST" duration-ms="12" status="PASS">
          <reporter-output>
          </reporter-output>
        </test-method> <!-- addCustomer -->
        <test-method signature="setUp()[pri:1, instance:com.epam.testng.FirstTestCase@48ae9b55]" started-at="2024-11-06T19:55:26 IST" name="setUp" finished-at="2024-11-06T19:55:26 IST" duration-ms="1" status="PASS">
          <reporter-output>
          </reporter-output>
        </test-method> <!-- setUp -->
        <test-method signature="login()[pri:2, instance:com.epam.testng.FirstTestCase@48ae9b55]" started-at="2024-11-06T19:55:26 IST" name="login" finished-at="2024-11-06T19:55:26 IST" duration-ms="1" status="PASS">
          <reporter-output>
          </reporter-output>
        </test-method> <!-- login -->
        <test-method signature="tearDown()[pri:3, instance:com.epam.testng.FirstTestCase@48ae9b55]" started-at="2024-11-06T19:55:26 IST" name="tearDown" finished-at="2024-11-06T19:55:26 IST" duration-ms="1" status="PASS">
          <reporter-output>
          </reporter-output>
        </test-method> <!-- tearDown -->
      </class> <!-- com.epam.testng.FirstTestCase -->
    </test> <!-- Default test -->
  </suite> <!-- Default suite -->
</testng-results>
