<?xml version="1.0" encoding="UTF-8"?>
<!-- Generated by org.testng.reporters.JUnitXMLReporter -->
<testsuite ignored="0" hostname="EPINHYDW0C0A" failures="0" tests="4" name="Default test" time="0.076" errors="0" timestamp="2024-11-06T19:55:26 IST">
  <testcase classname="com.epam.testng.FirstTestCase" name="addCustomer" time="0.012"/>
  <testcase classname="com.epam.testng.FirstTestCase" name="setUp" time="0.001"/>
  <testcase classname="com.epam.testng.FirstTestCase" name="login" time="0.001"/>
  <testcase classname="com.epam.testng.FirstTestCase" name="tearDown" time="0.001"/>
</testsuite> <!-- Default test -->
