<?xml version="1.0" encoding="UTF-8"?>
<!-- Generated by org.testng.reporters.JUnitXMLReporter -->
<testsuite ignored="0" hostname="EPINHYDW0C0A" failures="1" tests="2" name="Testing1" time="25.207" errors="0" timestamp="2024-12-13T20:53:52 IST">
  <testcase classname="paralelltesting.ParalellTests" name="homepageTitle" time="12.799">
    <failure type="java.lang.AssertionError" message="expected [Cricbuzz.com] but found []">
      <![CDATA[java.lang.AssertionError: expected [Cricbuzz.com] but found []
at paralelltesting.ParalellTests.homepageTitle(ParalellTests.java:34)
at java.base/java.util.concurrent.ThreadPoolExecutor.runWorker(ThreadPoolExecutor.java:1136)
at java.base/java.util.concurrent.ThreadPoolExecutor$Worker.run(ThreadPoolExecutor.java:635)
at java.base/java.lang.Thread.run(Thread.java:833)
... Removed 18 stack frames]]>
    </failure>
  </testcase> <!-- homepageTitle -->
  <testcase classname="paralelltesting.ParalellTests" name="tearDown" time="0.004"/>
</testsuite> <!-- Testing1 -->
