<?xml version="1.0" encoding="UTF-8"?>
<!-- Generated by org.testng.reporters.JUnitReportReporter -->
<testsuite hostname="EPINHYDW0C0A" failures="0" tests="3" name="com.epam.testng.GroupingExample" time="0.018" errors="0" timestamp="2024-12-12T21:22:20 IST" skipped="0">
  <testcase classname="com.epam.testng.GroupingExample" name="test2" time="0.002"/>
  <system-out/>
  <testcase classname="com.epam.testng.GroupingExample" name="test3" time="0.002"/>
  <system-out/>
  <testcase classname="com.epam.testng.GroupingExample" name="test1" time="0.014"/>
  <system-out/>
</testsuite> <!-- com.epam.testng.GroupingExample -->
