<?xml version="1.0" encoding="UTF-8"?>
<!-- Generated by org.testng.reporters.JUnitReportReporter -->
<testsuite hostname="EPINHYDW0C0A" failures="0" tests="3" name="dataprovider.TestClass" time="0.012" errors="0" timestamp="2024-12-13T19:16:04 IST" skipped="0">
  <testcase classname="dataprovider.TestClass" name="loginTest" time="0.001"/>
  <system-out/>
  <testcase classname="dataprovider.TestClass" name="loginTest" time="0.010"/>
  <system-out/>
  <testcase classname="dataprovider.TestClass" name="loginTest" time="0.001"/>
  <system-out/>
</testsuite> <!-- dataprovider.TestClass -->
