<?xml version="1.0" encoding="UTF-8"?>
<!-- Generated by org.testng.reporters.JUnitReportReporter -->
<testsuite hostname="EPINHYDW0C0A" failures="0" tests="4" name="com.epam.testng.PriorityEnabledDemo" time="0.013" errors="0" timestamp="2024-12-12T13:04:19 IST" skipped="1">
  <testcase classname="com.epam.testng.PriorityEnabledDemo" name="testOne" time="0.011"/>
  <system-out/>
  <testcase classname="com.epam.testng.PriorityEnabledDemo" name="testTwo" time="0.001"/>
  <system-out/>
  <testcase classname="com.epam.testng.PriorityEnabledDemo" name="testFour" time="0.001"/>
  <system-out/>
  <testcase classname="com.epam.testng.PriorityEnabledDemo" name="testThree">
    <skipped/>
  </testcase> <!-- testThree -->
  <system-out/>
</testsuite> <!-- com.epam.testng.PriorityEnabledDemo -->
