<?xml version="1.0" encoding="UTF-8"?>
<!-- Generated by org.testng.reporters.JUnitReportReporter -->
<testsuite hostname="EPINHYDW0C0A" failures="0" tests="2" name="com.epam.testng.TestngAnnotationsDemo2" time="0.015" errors="0" timestamp="2025-02-28T07:06:04 IST" skipped="0">
  <testcase classname="com.epam.testng.TestngAnnotationsDemo2" name="test4" time="0.001"/>
  <system-out/>
  <testcase classname="com.epam.testng.TestngAnnotationsDemo2" name="test3" time="0.014"/>
  <system-out/>
</testsuite> <!-- com.epam.testng.TestngAnnotationsDemo2 -->
