<?xml version="1.0" encoding="UTF-8"?>
<!-- Generated by org.testng.reporters.JUnitReportReporter -->
<testsuite hostname="EPINHYDW0C0A" failures="0" tests="4" name="com.epam.testng.FirstTestCase" time="0.022" errors="0" timestamp="2024-12-10T17:49:05 IST" skipped="0">
  <testcase classname="com.epam.testng.FirstTestCase" name="addCustomer" time="0.017"/>
  <system-out/>
  <testcase classname="com.epam.testng.FirstTestCase" name="setUp" time="0.002"/>
  <system-out/>
  <testcase classname="com.epam.testng.FirstTestCase" name="login" time="0.001"/>
  <system-out/>
  <testcase classname="com.epam.testng.FirstTestCase" name="tearDown" time="0.002"/>
  <system-out/>
</testsuite> <!-- com.epam.testng.FirstTestCase -->
