<?xml version="1.0" encoding="UTF-8"?>
<!-- Generated by org.testng.reporters.JUnitReportReporter -->
<testsuite hostname="EPINHYDW0C0A" failures="0" tests="4" name="firstTestCase.HttpRequests" time="8.150" errors="0" timestamp="2025-02-24T13:20:27 IST" skipped="0">
  <testcase classname="firstTestCase.HttpRequests" name="getRequest" time="5.833"/>
  <testcase classname="firstTestCase.HttpRequests" name="postRequest" time="1.252"/>
  <testcase classname="firstTestCase.HttpRequests" name="putRequest" time="0.552"/>
  <testcase classname="firstTestCase.HttpRequests" name="deleteRequest" time="0.513"/>
</testsuite> <!-- firstTestCase.HttpRequests -->
