<?xml version="1.0" encoding="UTF-8"?>
<!-- Generated by org.testng.reporters.JUnitReportReporter -->
<testsuite hostname="EPINHYDW0C0A" failures="0" tests="3" name="authenticationTypes.Basic_Digest_Preempive_Authentications" time="8.506" errors="0" timestamp="2025-02-24T14:56:43 IST" skipped="0">
  <testcase classname="authenticationTypes.Basic_Digest_Preempive_Authentications" name="basicAuthentication" time="5.623"/>
  <testcase classname="authenticationTypes.Basic_Digest_Preempive_Authentications" name="digestAuthentication" time="1.605"/>
  <testcase classname="authenticationTypes.Basic_Digest_Preempive_Authentications" name="preempiveAuthentication" time="1.278"/>
</testsuite> <!-- authenticationTypes.Basic_Digest_Preempive_Authentications -->
