<?xml version="1.0" encoding="UTF-8"?>
<testng-results ignored="0" total="1" passed="1" failed="0" skipped="0">
  <reporter-output>
  </reporter-output>
  <suite started-at="2024-12-03T20:56:31 IST" name="Default suite" finished-at="2024-12-03T20:56:37 IST" duration-ms="5564">
    <groups>
    </groups>
    <test started-at="2024-12-03T20:56:31 IST" name="Default test" finished-at="2024-12-03T20:56:37 IST" duration-ms="5564">
      <class name="authenticationTypes.ApiKeyAuthentication">
        <test-method signature="apiKeyAuthentication()[pri:0, instance:authenticationTypes.ApiKeyAuthentication@7f0eb4b4]" started-at="2024-12-03T20:56:31 IST" name="apiKeyAuthentication" finished-at="2024-12-03T20:56:37 IST" duration-ms="5390" status="PASS">
          <reporter-output>
          </reporter-output>
        </test-method> <!-- apiKeyAuthentication -->
      </class> <!-- authenticationTypes.ApiKeyAuthentication -->
    </test> <!-- Default test -->
  </suite> <!-- Default suite -->
</testng-results>
