<?xml version="1.0" encoding="UTF-8"?>
<testng-results ignored="0" total="3" passed="3" failed="0" skipped="0">
  <reporter-output>
  </reporter-output>
  <suite started-at="2025-02-24T14:56:34 IST" name="Default suite" finished-at="2025-02-24T14:56:43 IST" duration-ms="8598">
    <groups>
    </groups>
    <test started-at="2025-02-24T14:56:34 IST" name="Default test" finished-at="2025-02-24T14:56:43 IST" duration-ms="8598">
      <class name="authenticationTypes.Basic_Digest_Preempive_Authentications">
        <test-method signature="basicAuthentication()[pri:1, instance:authenticationTypes.Basic_Digest_Preempive_Authentications@7f0eb4b4]" started-at="2025-02-24T14:56:34 IST" name="basicAuthentication" finished-at="2025-02-24T14:56:40 IST" duration-ms="5623" status="PASS">
          <reporter-output>
          </reporter-output>
        </test-method> <!-- basicAuthentication -->
        <test-method signature="digestAuthentication()[pri:1, instance:authenticationTypes.Basic_Digest_Preempive_Authentications@7f0eb4b4]" started-at="2025-02-24T14:56:40 IST" name="digestAuthentication" finished-at="2025-02-24T14:56:42 IST" duration-ms="1605" status="PASS">
          <reporter-output>
          </reporter-output>
        </test-method> <!-- digestAuthentication -->
        <test-method signature="preempiveAuthentication()[pri:1, instance:authenticationTypes.Basic_Digest_Preempive_Authentications@7f0eb4b4]" started-at="2025-02-24T14:56:42 IST" name="preempiveAuthentication" finished-at="2025-02-24T14:56:43 IST" duration-ms="1278" status="PASS">
          <reporter-output>
          </reporter-output>
        </test-method> <!-- preempiveAuthentication -->
      </class> <!-- authenticationTypes.Basic_Digest_Preempive_Authentications -->
    </test> <!-- Default test -->
  </suite> <!-- Default suite -->
</testng-results>
