<?xml version="1.0" encoding="UTF-8"?>
<!-- Generated by org.testng.reporters.JUnitXMLReporter -->
<testsuite ignored="3" hostname="EPINHYDW0C0A" failures="0" tests="3" name="grouping tests" time="0.107" errors="0" timestamp="2024-12-12T21:22:20 IST">
  <testcase classname="com.epam.testng.GroupingExample" name="test1" time="0.014"/>
  <testcase classname="com.epam.testng.GroupingExample" name="test2" time="0.002"/>
  <testcase classname="com.epam.testng.GroupingExample" name="test3" time="0.002"/>
  <testcase classname="com.epam.testng.GroupingExample" name="test4" time="0.0">
    <ignored/>
  </testcase> <!-- test4 -->
  <testcase classname="com.epam.testng.GroupingExample" name="test6" time="0.0">
    <ignored/>
  </testcase> <!-- test6 -->
  <testcase classname="com.epam.testng.GroupingExample" name="test5" time="0.0">
    <ignored/>
  </testcase> <!-- test5 -->
</testsuite> <!-- grouping tests -->
