<?xml version="1.0" encoding="UTF-8"?>
<testng-results ignored="0" total="4" passed="4" failed="0" skipped="0">
  <reporter-output>
  </reporter-output>
  <suite started-at="2024-11-06T20:18:57 IST" name="Default suite" finished-at="2024-11-06T20:18:57 IST" duration-ms="137">
    <groups>
    </groups>
    <test started-at="2024-11-06T20:18:57 IST" name="Default test" finished-at="2024-11-06T20:18:57 IST" duration-ms="137">
      <class name="testng.FirstTestCase1">
        <test-method signature="addCustomer()[pri:0, instance:testng.FirstTestCase1@48ae9b55]" started-at="2024-11-06T20:18:57 IST" name="addCustomer" finished-at="2024-11-06T20:18:57 IST" duration-ms="22" status="PASS">
          <reporter-output>
          </reporter-output>
        </test-method> <!-- addCustomer -->
        <test-method signature="setUp()[pri:1, instance:testng.FirstTestCase1@48ae9b55]" started-at="2024-11-06T20:18:57 IST" name="setUp" finished-at="2024-11-06T20:18:57 IST" duration-ms="2" status="PASS">
          <reporter-output>
          </reporter-output>
        </test-method> <!-- setUp -->
        <test-method signature="login()[pri:2, instance:testng.FirstTestCase1@48ae9b55]" started-at="2024-11-06T20:18:57 IST" name="login" finished-at="2024-11-06T20:18:57 IST" duration-ms="2" status="PASS">
          <reporter-output>
          </reporter-output>
        </test-method> <!-- login -->
        <test-method signature="tearDown()[pri:3, instance:testng.FirstTestCase1@48ae9b55]" started-at="2024-11-06T20:18:57 IST" name="tearDown" finished-at="2024-11-06T20:18:57 IST" duration-ms="1" status="PASS">
          <reporter-output>
          </reporter-output>
        </test-method> <!-- tearDown -->
      </class> <!-- testng.FirstTestCase1 -->
    </test> <!-- Default test -->
  </suite> <!-- Default suite -->
</testng-results>
