<?xml version="1.0" encoding="UTF-8"?>
<!-- Generated by org.testng.reporters.JUnitXMLReporter -->
<testsuite ignored="0" hostname="EPINHYDW0C0A" failures="0" tests="4" name="Default test" time="0.137" errors="0" timestamp="2024-11-06T20:18:57 IST">
  <testcase classname="testng.FirstTestCase1" name="addCustomer" time="0.022"/>
  <testcase classname="testng.FirstTestCase1" name="setUp" time="0.002"/>
  <testcase classname="testng.FirstTestCase1" name="login" time="0.002"/>
  <testcase classname="testng.FirstTestCase1" name="tearDown" time="0.001"/>
</testsuite> <!-- Default test -->
