<?xml version="1.0" encoding="UTF-8"?>
<!-- Generated by org.testng.reporters.JUnitXMLReporter -->
<testsuite ignored="0" hostname="EPINHYDW0C0A" failures="0" tests="4" name="Testing annotations" time="0.053" errors="0" timestamp="2024-12-11T17:07:34 IST">
  <testcase classname="com.epam.testng.TestngAnnotationsDemo" name="test1" time="0.005"/>
  <testcase classname="com.epam.testng.TestngAnnotationsDemo" name="test2" time="0.001"/>
  <testcase classname="com.epam.testng.TestngAnnotationsDemo2" name="test3" time="0.001"/>
  <testcase classname="com.epam.testng.TestngAnnotationsDemo2" name="test4" time="0.001"/>
</testsuite> <!-- Testing annotations -->
